Arguments: 
  C:\Program Files\nodejs\node.exe C:\Program Files (x86)\Yarn\bin\yarn.js start

PATH: 
  C:\Users\AkshayG\bin;C:\Program Files\Git\mingw64\bin;C:\Program Files\Git\usr\local\bin;C:\Program Files\Git\usr\bin;C:\Program Files\Git\usr\bin;C:\Program Files\Git\mingw64\bin;C:\Program Files\Git\usr\bin;C:\Users\AkshayG\bin;C:\ProgramData\Oracle\Java\javapath;C:\Program Files (x86)\NVIDIA Corporation\PhysX\Common;C:\Program Files (x86)\Intel\iCLS Client;C:\Program Files\Intel\iCLS Client;C:\WINDOWS\system32;C:\WINDOWS;C:\WINDOWS\System32\Wbem;C:\WINDOWS\System32\WindowsPowerShell\v1.0;C:\Program Files\Intel\Intel(R) Management Engine Components\DAL;C:\Program Files\Intel\Intel(R) Management Engine Components\IPT;C:\Program Files (x86)\Intel\Intel(R) Management Engine Components\DAL;C:\Program Files (x86)\Intel\Intel(R) Management Engine Components\IPT;C:\Program Files (x86)\Intel\OpenCL SDK\3.0\bin\x86;C:\Program Files (x86)\Intel\OpenCL SDK\3.0\bin\x64;C:\Program Files\Microsoft SQL Server\110\Tools\Binn\Path;C:\Program Files\TortoiseGit\bin;C:\Program Files (x86)\Windows Live\Shared;C:\HashiCorp\Vagrant\bin;C:\Program Files\nodejs;C:\Program Files (x86)\Yarn\bin;C:\Users\AkshayG\AppData\Local\Programs\Python\Python38-32\Scripts;C:\Users\AkshayG\AppData\Local\Programs\Python\Python38-32;C:\Users\AkshayG\AppData\Local\Programs\Microsoft VS Code\bin;C:\Users\AkshayG\AppData\Roaming\npm;C:\Users\AkshayG\AppData\Local\Yarn\bin;C:\Program Files\Git\usr\bin\vendor_perl;C:\Program Files\Git\usr\bin\core_perl

Yarn version: 
  1.22.5

Node version: 
  12.18.3

Platform: 
  win32 x64

Trace: 
  SyntaxError: C:\Users\AkshayG\Desktop\Portfolio\package.json: Unexpected token / in JSON at position 68
      at JSON.parse (<anonymous>)
      at C:\Program Files (x86)\Yarn\lib\cli.js:1625:59
      at Generator.next (<anonymous>)
      at step (C:\Program Files (x86)\Yarn\lib\cli.js:310:30)
      at C:\Program Files (x86)\Yarn\lib\cli.js:321:13

npm manifest: 
  {
    "name": "portfolio",
    "version": "0.1.0",
    "private": true,
    // "homepage": " https://deepalimusale.github.io/DigitalPortfolio/",
    "dependencies": {
      "gh-pages": "^3.1.0",
      "jquery": "^3.5.1",
      "react": "^16.13.1",
      "react-dom": "^16.13.1",
      "react-ga": "^3.1.2",
      "react-scripts": "3.4.3"
    },
    "scripts": {
      "start": "react-scripts start",
      "build": "react-scripts build",
      "test": "react-scripts test --env=jsdom",
      "eject": "react-scripts eject",
      "predeploy": "yarn build",
      "deploy": "gh-pages -d build"
    },
    "browserslist": {
      "production": [
        ">0.2%",
        "not dead",
        "not op_mini all"
      ],
      "development": [
        "last 1 chrome version",
        "last 1 firefox version",
        "last 1 safari version"
      ]
    },
    "description": "My Digital Portfolio",
    "main": "index.js",
    "author": "Deepali",
    "license": "ISC",
    "devDependencies": {}
  }

yarn manifest: 
  No manifest

Lockfile: 
  No lockfile
